<?xml version="1.0" encoding="UTF-8"?>
<testng-results ignored="0" total="1" passed="1" failed="0" skipped="0">
  <reporter-output>
    <line>
      <![CDATA[Setting up reports and Test is getting ready]]>
    </line>
    <line>
      <![CDATA[Setting done Test can be started]]>
    </line>
    <line>
      <![CDATA[Browser is starting and application is getting ready]]>
    </line>
    <line>
      <![CDATA[Browser is up and application runnning]]>
    </line>
    <line>
      <![CDATA[Test is about to end]]>
    </line>
    <line>
      <![CDATA[Test completed >>> Reports generated]]>
    </line>
  </reporter-output>
  <suite started-at="2020-02-08T14:40:57Z" name="Suite" finished-at="2020-02-08T14:41:26Z" duration-ms="29260">
    <groups>
    </groups>
    <test started-at="2020-02-08T14:40:57Z" name="Test" finished-at="2020-02-08T14:41:26Z" duration-ms="29260">
      <class name="com.learnautomation.testcases.LoginTestCRM">
        <test-method is-config="true" signature="setupSuit()[pri:0, instance:com.learnautomation.testcases.LoginTestCRM@54e1c68b]" started-at="2020-02-08T14:40:55Z" name="setupSuit" finished-at="2020-02-08T14:40:57Z" duration-ms="1275" status="PASS">
          <reporter-output>
            <line>
              <![CDATA[Setting up reports and Test is getting ready]]>
            </line>
            <line>
              <![CDATA[Setting done Test can be started]]>
            </line>
          </reporter-output>
        </test-method> <!-- setupSuit -->
        <test-method is-config="true" signature="setup()[pri:0, instance:com.learnautomation.testcases.LoginTestCRM@54e1c68b]" started-at="2020-02-08T14:40:57Z" name="setup" finished-at="2020-02-08T14:41:20Z" duration-ms="23367" status="PASS">
          <reporter-output>
            <line>
              <![CDATA[Browser is starting and application is getting ready]]>
            </line>
            <line>
              <![CDATA[Browser is up and application runnning]]>
            </line>
          </reporter-output>
        </test-method> <!-- setup -->
        <test-method signature="loginApp()[pri:0, instance:com.learnautomation.testcases.LoginTestCRM@54e1c68b]" started-at="2020-02-08T14:41:20Z" name="loginApp" finished-at="2020-02-08T14:41:24Z" duration-ms="3874" status="PASS">
          <reporter-output>
          </reporter-output>
        </test-method> <!-- loginApp -->
        <test-method is-config="true" signature="tearDownMethod(org.testng.ITestResult)[pri:0, instance:com.learnautomation.testcases.LoginTestCRM@54e1c68b]" started-at="2020-02-08T14:41:24Z" name="tearDownMethod" finished-at="2020-02-08T14:41:25Z" duration-ms="1042" status="PASS">
          <params>
            <param index="0">
              <value>
                <![CDATA[[TestResult name=loginApp status=SUCCESS method=LoginTestCRM.loginApp()[pri:0, instance:com.learnautomation.testcases.LoginTestCRM@54e1c68b] output={null}]]]>
              </value>
            </param>
          </params>
          <reporter-output>
            <line>
              <![CDATA[Test is about to end]]>
            </line>
            <line>
              <![CDATA[Test completed >>> Reports generated]]>
            </line>
          </reporter-output>
        </test-method> <!-- tearDownMethod -->
        <test-method is-config="true" signature="tearDown()[pri:0, instance:com.learnautomation.testcases.LoginTestCRM@54e1c68b]" started-at="2020-02-08T14:41:25Z" name="tearDown" finished-at="2020-02-08T14:41:26Z" duration-ms="921" status="PASS">
          <reporter-output>
          </reporter-output>
        </test-method> <!-- tearDown -->
      </class> <!-- com.learnautomation.testcases.LoginTestCRM -->
    </test> <!-- Test -->
  </suite> <!-- Suite -->
</testng-results>
